2026-01-15 19:55:22,POST,/s/-/dw/data/v21_3/orders/ORD-7013,
2026-01-15 19:55:22,GET,/inventory/prod-796,
2026-01-15 19:55:22,GET,/s/-/dw/data/v21_3/orders/ORD-6914,
2026-01-15 19:55:23,POST,/inventory/prod-247,
2026-01-15 19:55:23,POST,/inventory/prod-735,
2026-01-15 19:55:23,GET,/inventory/prod-334,
2026-01-15 19:55:24,POST,/system/health,
2026-01-15 19:55:26,GET,/s/-/dw/data/v21_3/orders/ORD-4343,
2026-01-15 19:55:26,POST,/s/-/dw/data/v21_3/orders/ORD-8193,
2026-01-15 19:55:26,GET,/jobs/order-export,
2026-01-15 19:55:32,POST,/system/health,
2026-01-15 19:55:32,POST,/inventory/prod-593,
2026-01-15 19:55:33,GET,/s/-/dw/data/v21_3/orders/ORD-7802,
2026-01-15 19:55:33,GET,/jobs/order-export,
2026-01-15 19:55:33,POST,/inventory/prod-467,
2026-01-15 19:55:36,POST,/system/health,
2026-01-15 19:55:36,POST,/system/health,
2026-01-15 19:55:36,GET,/system/health,
2026-01-15 19:55:37,GET,/jobs/order-export,
2026-01-15 19:55:37,GET,/jobs/order-export,
2026-01-15 19:55:41,GET,/system/health,
2026-01-15 19:55:42,GET,/inventory/prod-245,
2026-01-15 19:55:44,POST,/system/health,
2026-01-15 19:55:44,POST,/inventory/prod-516,
2026-01-15 19:55:44,GET,/jobs/order-export,
2026-01-15 19:55:45,GET,/system/health,
2026-01-15 19:55:45,GET,/system/health,
2026-01-15 19:55:45,GET,/s/-/dw/data/v21_3/orders/ORD-6703,
2026-01-15 19:55:46,GET,/jobs/order-export,
2026-01-15 19:55:46,GET,/system/health,
2026-01-15 19:55:47,GET,/inventory/prod-633,
2026-01-15 19:55:47,GET,/system/health,
2026-01-15 19:55:47,GET,/s/-/dw/data/v21_3/orders/ORD-7735,
2026-01-15 19:55:47,GET,/system/health,
2026-01-15 19:55:47,GET,/s/-/dw/data/v21_3/orders/ORD-4113,
2026-01-15 19:55:47,POST,/inventory/prod-888,
2026-01-15 19:55:48,GET,/jobs/order-export,
2026-01-15 19:55:48,GET,/jobs/order-export,
2026-01-15 19:55:48,GET,/system/health,
2026-01-15 19:55:51,POST,/s/-/dw/data/v21_3/orders/ORD-7751,
2026-01-15 19:55:53,GET,/s/-/dw/data/v21_3/orders/ORD-5430,
2026-01-15 19:55:53,GET,/jobs/order-export,
2026-01-15 19:55:54,GET,/inventory/prod-146,
2026-01-15 19:55:56,GET,/inventory/prod-624,
2026-01-15 19:55:56,POST,/s/-/dw/data/v21_3/orders/ORD-3466,
2026-01-15 19:55:56,GET,/jobs/order-export,
2026-01-15 19:55:56,POST,/system/health,
2026-01-15 19:55:57,GET,/inventory/prod-710,
2026-01-15 19:55:57,POST,/s/-/dw/data/v21_3/orders/ORD-3435,
2026-01-15 19:55:57,GET,/system/health,
2026-01-15 19:55:58,GET,/jobs/order-export,
2026-01-15 19:55:58,GET,/s/-/dw/data/v21_3/orders/ORD-3798,
2026-01-15 19:55:58,GET,/jobs/order-export,
2026-01-15 19:55:59,GET,/jobs/order-export,
2026-01-15 19:56:00,GET,/s/-/dw/data/v21_3/orders/ORD-3222,
2026-01-15 19:56:00,GET,/s/-/dw/data/v21_3/orders/ORD-3720,
2026-01-15 19:56:02,POST,/s/-/dw/data/v21_3/orders/ORD-9360,
2026-01-15 19:56:03,POST,/jobs/order-export,
2026-01-15 19:56:03,GET,/system/health,
2026-01-15 19:56:04,GET,/jobs/order-export,
2026-01-15 19:56:04,POST,/system/health,
2026-01-15 19:56:04,GET,/s/-/dw/data/v21_3/orders/ORD-4763,
2026-01-15 19:56:05,POST,/system/health,
2026-01-15 19:56:07,GET,/s/-/dw/data/v21_3/orders/ORD-4388,
2026-01-15 19:56:07,POST,/jobs/order-export,
2026-01-15 19:56:08,POST,/jobs/order-export,
2026-01-15 19:56:08,POST,/jobs/order-export,
2026-01-15 19:56:09,POST,/system/health,
2026-01-15 19:56:09,POST,/system/health,
2026-01-15 19:56:09,POST,/system/health,
2026-01-15 19:56:09,POST,/s/-/dw/data/v21_3/orders/ORD-7338,
2026-01-15 19:56:09,POST,/inventory/prod-725,
2026-01-15 19:56:10,GET,/system/health,
2026-01-15 19:56:10,GET,/system/health,
2026-01-15 19:56:10,POST,/system/health,
2026-01-15 19:56:11,POST,/inventory/prod-921,
2026-01-15 19:56:11,GET,/system/health,
2026-01-15 19:56:11,POST,/inventory/prod-168,
2026-01-15 19:56:12,GET,/inventory/prod-565,
2026-01-15 19:56:14,GET,/inventory/prod-992,
2026-01-15 19:56:15,POST,/jobs/order-export,
2026-01-15 19:56:15,POST,/s/-/dw/data/v21_3/orders/ORD-9875,
2026-01-15 19:56:15,GET,/s/-/dw/data/v21_3/orders/ORD-8075,
2026-01-15 19:56:18,POST,/system/health,
2026-01-15 19:56:18,POST,/s/-/dw/data/v21_3/orders/ORD-5230,
2026-01-15 19:56:19,GET,/jobs/order-export,
2026-01-15 19:56:19,POST,/system/health,
2026-01-15 19:56:19,GET,/s/-/dw/data/v21_3/orders/ORD-8148,
2026-01-15 19:56:20,POST,/s/-/dw/data/v21_3/orders/ORD-6944,
2026-01-15 19:56:20,GET,/inventory/prod-899,
2026-01-15 19:56:20,GET,/system/health,
2026-01-15 19:56:20,POST,/inventory/prod-319,
2026-01-15 19:56:20,POST,/system/health,
2026-01-15 19:56:21,POST,/s/-/dw/data/v21_3/orders/ORD-5734,
2026-01-15 19:56:21,POST,/inventory/prod-435,
2026-01-15 19:56:21,POST,/s/-/dw/data/v21_3/orders/ORD-1745,
2026-01-15 19:56:22,GET,/inventory/prod-688,
2026-01-15 19:56:22,POST,/inventory/prod-320,
2026-01-15 19:56:23,GET,/s/-/dw/data/v21_3/orders/ORD-8211,
2026-01-15 19:56:23,POST,/system/health,
2026-01-15 19:56:25,POST,/system/health,
2026-01-15 19:56:26,GET,/jobs/order-export,
2026-01-15 19:56:26,GET,/s/-/dw/data/v21_3/orders/ORD-9839,
2026-01-15 19:56:27,GET,/jobs/order-export,
2026-01-15 19:56:27,POST,/s/-/dw/data/v21_3/orders/ORD-3832,
2026-01-15 19:56:27,GET,/system/health,
2026-01-15 19:56:28,GET,/s/-/dw/data/v21_3/orders/ORD-3879,
2026-01-15 19:56:28,POST,/s/-/dw/data/v21_3/orders/ORD-4055,
2026-01-15 19:56:28,POST,/s/-/dw/data/v21_3/orders/ORD-3191,
2026-01-15 19:56:29,POST,/jobs/order-export,
2026-01-15 19:56:29,POST,/system/health,
2026-01-15 19:56:30,GET,/s/-/dw/data/v21_3/orders/ORD-4768,
2026-01-15 19:56:30,POST,/system/health,
2026-01-15 19:56:31,GET,/inventory/prod-171,
2026-01-15 19:56:31,GET,/s/-/dw/data/v21_3/orders/ORD-7150,
2026-01-15 19:56:32,POST,/jobs/order-export,
2026-01-15 19:56:33,GET,/system/health,
2026-01-15 19:56:33,POST,/system/health,
2026-01-15 19:56:33,POST,/system/health,
2026-01-15 19:56:34,POST,/jobs/order-export,
2026-01-15 19:56:36,POST,/system/health,
2026-01-15 19:56:37,POST,/inventory/prod-104,
2026-01-15 19:56:39,GET,/s/-/dw/data/v21_3/orders/ORD-3673,
2026-01-15 19:56:39,POST,/s/-/dw/data/v21_3/orders/ORD-2686,
2026-01-15 19:56:40,GET,/s/-/dw/data/v21_3/orders/ORD-2374,
2026-01-15 19:56:40,GET,/system/health,
2026-01-15 19:56:40,GET,/system/health,
2026-01-15 19:56:41,POST,/inventory/prod-452,
2026-01-15 19:56:41,GET,/system/health,
2026-01-15 19:56:42,POST,/jobs/order-export,
2026-01-15 19:56:42,GET,/jobs/order-export,
2026-01-15 19:56:42,POST,/system/health,
2026-01-15 19:56:43,GET,/inventory/prod-863,
2026-01-15 19:56:43,POST,/system/health,
2026-01-15 19:56:43,GET,/inventory/prod-772,
2026-01-15 19:56:43,POST,/system/health,
2026-01-15 19:56:44,GET,/system/health,
2026-01-15 19:56:44,POST,/system/health,
2026-01-15 19:56:44,POST,/s/-/dw/data/v21_3/orders/ORD-6511,
2026-01-15 19:56:45,GET,/inventory/prod-696,
2026-01-15 19:56:49,POST,/system/health,
2026-01-15 19:56:50,POST,/system/health,
2026-01-15 19:56:50,GET,/inventory/prod-234,
2026-01-15 19:56:50,GET,/jobs/order-export,
2026-01-15 19:56:50,GET,/system/health,
2026-01-15 19:56:50,GET,/system/health,
2026-01-15 19:56:51,POST,/inventory/prod-337,
2026-01-15 19:56:51,POST,/jobs/order-export,
2026-01-15 19:56:51,GET,/s/-/dw/data/v21_3/orders/ORD-5458,
2026-01-15 19:56:51,GET,/inventory/prod-888,
2026-01-15 19:56:51,GET,/system/health,
2026-01-15 19:56:51,GET,/jobs/order-export,
2026-01-15 19:56:52,POST,/s/-/dw/data/v21_3/orders/ORD-6052,
2026-01-15 19:56:52,GET,/inventory/prod-462,
2026-01-15 19:56:52,POST,/inventory/prod-802,
2026-01-15 19:56:54,GET,/jobs/order-export,
2026-01-15 19:56:55,GET,/jobs/order-export,
2026-01-15 19:56:55,GET,/jobs/order-export,
2026-01-15 19:56:57,POST,/inventory/prod-987,
2026-01-15 19:56:57,POST,/jobs/order-export,
2026-01-15 19:57:00,GET,/jobs/order-export,
2026-01-15 19:57:00,GET,/system/health,
2026-01-15 19:57:01,POST,/system/health,
2026-01-15 19:57:01,GET,/inventory/prod-921,
2026-01-15 19:57:02,GET,/system/health,
2026-01-15 19:57:02,GET,/jobs/order-export,
2026-01-15 19:57:02,GET,/inventory/prod-947,
2026-01-15 19:57:03,GET,/system/health,
2026-01-15 19:57:03,POST,/inventory/prod-683,
2026-01-15 19:57:03,GET,/system/health,
2026-01-15 19:57:03,POST,/s/-/dw/data/v21_3/orders/ORD-9272,
2026-01-15 19:57:04,POST,/inventory/prod-767,
2026-01-15 19:57:04,POST,/jobs/order-export,
2026-01-15 19:57:04,POST,/system/health,
2026-01-15 19:57:04,POST,/s/-/dw/data/v21_3/orders/ORD-2072,
2026-01-15 19:57:05,POST,/s/-/dw/data/v21_3/orders/ORD-3784,
2026-01-15 19:57:05,POST,/inventory/prod-311,
2026-01-15 19:57:06,GET,/s/-/dw/data/v21_3/orders/ORD-6259,
2026-01-15 19:57:06,POST,/s/-/dw/data/v21_3/orders/ORD-9879,
2026-01-15 19:57:06,POST,/jobs/order-export,
2026-01-15 19:57:09,GET,/jobs/order-export,
2026-01-15 19:57:09,GET,/jobs/order-export,
2026-01-15 19:57:10,POST,/jobs/order-export,
2026-01-15 19:57:10,GET,/system/health,
2026-01-15 19:57:11,GET,/s/-/dw/data/v21_3/orders/ORD-9662,
2026-01-15 19:57:11,POST,/system/health,
2026-01-15 19:57:11,POST,/s/-/dw/data/v21_3/orders/ORD-7365,
2026-01-15 19:57:12,POST,/s/-/dw/data/v21_3/orders/ORD-7476,
2026-01-15 19:57:12,GET,/inventory/prod-882,
2026-01-15 19:57:12,GET,/system/health,
2026-01-15 19:57:12,POST,/inventory/prod-563,
2026-01-15 19:57:13,GET,/s/-/dw/data/v21_3/orders/ORD-3478,
2026-01-15 19:57:14,GET,/s/-/dw/data/v21_3/orders/ORD-6500,
2026-01-15 19:57:15,GET,/jobs/order-export,
2026-01-15 19:57:15,POST,/s/-/dw/data/v21_3/orders/ORD-4398,
2026-01-15 19:57:15,POST,/system/health,
2026-01-15 19:57:16,POST,/system/health,
2026-01-15 19:57:16,POST,/jobs/order-export,
2026-01-15 19:57:17,GET,/jobs/order-export,
2026-01-15 19:57:17,POST,/system/health,
2026-01-15 19:57:18,GET,/jobs/order-export,
2026-01-15 19:57:18,GET,/s/-/dw/data/v21_3/orders/ORD-9171,
2026-01-15 19:57:21,POST,/s/-/dw/data/v21_3/orders/ORD-2672,
2026-01-15 19:57:21,GET,/inventory/prod-583,
2026-01-15 19:57:22,POST,/s/-/dw/data/v21_3/orders/ORD-3835,
2026-01-15 19:57:22,POST,/inventory/prod-271,
2026-01-15 19:57:23,GET,/inventory/prod-378,
2026-01-15 19:57:23,GET,/system/health,
2026-01-15 19:57:23,GET,/jobs/order-export,
2026-01-15 19:57:23,GET,/jobs/order-export,
2026-01-15 19:57:23,POST,/system/health,
2026-01-15 19:57:23,GET,/system/health,
2026-01-15 19:57:24,POST,/inventory/prod-620,
2026-01-15 19:57:24,GET,/system/health,
2026-01-15 19:57:24,POST,/system/health,
2026-01-15 19:57:25,GET,/inventory/prod-799,
2026-01-15 19:57:25,GET,/s/-/dw/data/v21_3/orders/ORD-1683,
2026-01-15 19:57:25,POST,/inventory/prod-823,
2026-01-15 19:57:26,GET,/inventory/prod-691,
2026-01-15 19:57:26,GET,/s/-/dw/data/v21_3/orders/ORD-9274,
2026-01-15 19:57:29,POST,/inventory/prod-213,
2026-01-15 19:57:30,POST,/jobs/order-export,
2026-01-15 19:57:30,GET,/system/health,
2026-01-15 19:57:30,POST,/system/health,
2026-01-15 19:57:31,GET,/system/health,
2026-01-15 19:57:32,GET,/inventory/prod-804,
2026-01-15 19:57:32,GET,/inventory/prod-651,
2026-01-15 19:57:32,POST,/s/-/dw/data/v21_3/orders/ORD-8005,
2026-01-15 19:57:33,GET,/s/-/dw/data/v21_3/orders/ORD-7624,
2026-01-15 19:57:35,GET,/s/-/dw/data/v21_3/orders/ORD-3276,
2026-01-15 19:57:35,POST,/jobs/order-export,
2026-01-15 19:57:36,GET,/inventory/prod-504,
2026-01-15 19:57:36,POST,/system/health,
2026-01-15 19:57:36,GET,/jobs/order-export,
2026-01-15 19:57:36,GET,/s/-/dw/data/v21_3/orders/ORD-2462,
2026-01-15 19:57:36,GET,/inventory/prod-854,
2026-01-15 19:57:37,POST,/system/health,
2026-01-15 19:57:37,POST,/system/health,
2026-01-15 19:57:37,POST,/system/health,
2026-01-15 19:57:37,GET,/jobs/order-export,
2026-01-15 19:57:42,POST,/inventory/prod-224,
2026-01-15 19:57:42,GET,/inventory/prod-968,
2026-01-15 19:57:43,GET,/system/health,
2026-01-15 19:57:43,GET,/s/-/dw/data/v21_3/orders/ORD-8723,
2026-01-15 19:57:43,GET,/inventory/prod-138,
2026-01-15 19:57:43,GET,/inventory/prod-275,
2026-01-15 19:57:43,POST,/system/health,
2026-01-15 19:57:44,GET,/jobs/order-export,
2026-01-15 19:57:44,POST,/s/-/dw/data/v21_3/orders/ORD-6598,
2026-01-15 19:57:44,POST,/s/-/dw/data/v21_3/orders/ORD-1586,
2026-01-15 19:57:44,POST,/s/-/dw/data/v21_3/orders/ORD-4647,
2026-01-15 19:57:45,POST,/s/-/dw/data/v21_3/orders/ORD-1386,
2026-01-15 19:57:45,POST,/s/-/dw/data/v21_3/orders/ORD-6012,
2026-01-15 19:57:46,POST,/s/-/dw/data/v21_3/orders/ORD-1478,
2026-01-15 19:57:47,GET,/inventory/prod-383,
2026-01-15 19:57:47,POST,/system/health,
2026-01-15 19:57:48,GET,/system/health,
2026-01-15 19:57:48,POST,/s/-/dw/data/v21_3/orders/ORD-7670,
2026-01-15 19:57:48,GET,/s/-/dw/data/v21_3/orders/ORD-2281,
2026-01-15 19:57:49,GET,/s/-/dw/data/v21_3/orders/ORD-6543,
2026-01-15 19:57:53,GET,/jobs/order-export,
2026-01-15 19:57:54,GET,/s/-/dw/data/v21_3/orders/ORD-7041,
2026-01-15 19:57:54,POST,/system/health,
2026-01-15 19:57:54,POST,/inventory/prod-502,
2026-01-15 19:57:55,POST,/inventory/prod-379,
2026-01-15 19:57:55,POST,/inventory/prod-791,
2026-01-15 19:57:55,GET,/s/-/dw/data/v21_3/orders/ORD-2086,
2026-01-15 19:57:55,POST,/jobs/order-export,
2026-01-15 19:57:55,POST,/system/health,
2026-01-15 19:57:56,POST,/system/health,
2026-01-15 19:57:56,POST,/s/-/dw/data/v21_3/orders/ORD-7881,
2026-01-15 19:57:57,GET,/s/-/dw/data/v21_3/orders/ORD-3270,
2026-01-15 19:57:57,POST,/inventory/prod-357,
2026-01-15 19:57:58,GET,/s/-/dw/data/v21_3/orders/ORD-7918,
2026-01-15 19:57:58,GET,/system/health,
2026-01-15 19:57:58,GET,/jobs/order-export,
2026-01-15 19:57:59,GET,/system/health,
2026-01-15 19:57:59,POST,/inventory/prod-493,
2026-01-15 19:58:00,GET,/system/health,
2026-01-15 19:58:00,GET,/s/-/dw/data/v21_3/orders/ORD-3108,
2026-01-15 19:58:03,POST,/inventory/prod-926,
2026-01-15 19:58:05,GET,/jobs/order-export,
2026-01-15 19:58:06,POST,/system/health,
2026-01-15 19:58:06,POST,/system/health,
2026-01-15 19:58:06,POST,/jobs/order-export,
2026-01-15 19:58:06,GET,/jobs/order-export,
2026-01-15 19:58:07,POST,/system/health,
2026-01-15 19:58:07,GET,/jobs/order-export,
2026-01-15 19:58:07,GET,/system/health,
2026-01-15 19:58:07,GET,/s/-/dw/data/v21_3/orders/ORD-3167,
2026-01-15 19:58:08,GET,/inventory/prod-333,
2026-01-15 19:58:08,POST,/system/health,
2026-01-15 19:58:08,POST,/system/health,
2026-01-15 19:58:09,GET,/s/-/dw/data/v21_3/orders/ORD-6065,
2026-01-15 19:58:09,GET,/jobs/order-export,
2026-01-15 19:58:09,POST,/system/health,
2026-01-15 19:58:09,GET,/inventory/prod-662,
2026-01-15 19:58:10,POST,/system/health,
2026-01-15 19:58:10,POST,/s/-/dw/data/v21_3/orders/ORD-7328,
2026-01-15 19:58:10,GET,/jobs/order-export,
2026-01-15 19:58:15,POST,/system/health,
2026-01-15 19:58:16,GET,/jobs/order-export,
2026-01-15 19:58:16,POST,/jobs/order-export,
2026-01-15 19:58:17,GET,/system/health,
2026-01-15 19:58:17,GET,/jobs/order-export,
2026-01-15 19:58:17,POST,/s/-/dw/data/v21_3/orders/ORD-2673,
2026-01-15 19:58:17,POST,/s/-/dw/data/v21_3/orders/ORD-4021,
2026-01-15 19:58:18,GET,/inventory/prod-317,
2026-01-15 19:58:18,GET,/system/health,
2026-01-15 19:58:19,GET,/s/-/dw/data/v21_3/orders/ORD-2003,
2026-01-15 19:58:20,GET,/system/health,
2026-01-15 19:58:20,POST,/inventory/prod-884,
2026-01-15 19:58:20,GET,/s/-/dw/data/v21_3/orders/ORD-5884,
2026-01-15 19:58:20,POST,/s/-/dw/data/v21_3/orders/ORD-8056,
2026-01-15 19:58:21,POST,/jobs/order-export,
2026-01-15 19:58:21,POST,/s/-/dw/data/v21_3/orders/ORD-5397,
2026-01-15 19:58:21,POST,/s/-/dw/data/v21_3/orders/ORD-6527,
2026-01-15 19:58:22,GET,/inventory/prod-544,
2026-01-15 19:58:22,GET,/jobs/order-export,
2026-01-15 19:58:23,POST,/jobs/order-export,
2026-01-15 19:58:26,POST,/system/health,
2026-01-15 19:58:28,GET,/system/health,
2026-01-15 19:58:28,POST,/inventory/prod-663,
2026-01-15 19:58:29,GET,/s/-/dw/data/v21_3/orders/ORD-5503,
2026-01-15 19:58:29,GET,/jobs/order-export,
2026-01-15 19:58:29,GET,/inventory/prod-456,
2026-01-15 19:58:30,GET,/system/health,
2026-01-15 19:58:30,GET,/s/-/dw/data/v21_3/orders/ORD-9550,
2026-01-15 19:58:31,POST,/system/health,
2026-01-15 19:58:32,POST,/system/health,
2026-01-15 19:58:32,POST,/s/-/dw/data/v21_3/orders/ORD-5563,
2026-01-15 19:58:32,POST,/inventory/prod-983,
2026-01-15 19:58:33,GET,/system/health,
2026-01-15 19:58:33,GET,/system/health,
2026-01-15 19:58:33,GET,/jobs/order-export,
2026-01-15 19:58:34,GET,/system/health,
2026-01-15 19:58:35,POST,/jobs/order-export,
2026-01-15 19:58:35,POST,/jobs/order-export,
2026-01-15 19:58:36,POST,/inventory/prod-505,
2026-01-15 19:58:36,POST,/inventory/prod-205,
2026-01-15 19:58:42,GET,/jobs/order-export,
2026-01-15 19:58:42,POST,/s/-/dw/data/v21_3/orders/ORD-2562,
2026-01-15 19:58:42,GET,/s/-/dw/data/v21_3/orders/ORD-2744,
2026-01-15 19:58:43,GET,/inventory/prod-562,
2026-01-15 19:58:43,GET,/system/health,
2026-01-15 19:58:44,GET,/jobs/order-export,
2026-01-15 19:58:46,POST,/inventory/prod-701,
2026-01-15 19:58:46,POST,/inventory/prod-120,
2026-01-15 19:58:47,POST,/jobs/order-export,
2026-01-15 19:58:47,GET,/system/health,
2026-01-15 19:58:47,POST,/s/-/dw/data/v21_3/orders/ORD-9275,
2026-01-15 19:58:48,POST,/system/health,
2026-01-15 19:58:48,POST,/inventory/prod-332,
2026-01-15 19:58:50,POST,/inventory/prod-507,
2026-01-15 19:58:50,GET,/inventory/prod-649,
2026-01-15 19:58:51,POST,/s/-/dw/data/v21_3/orders/ORD-5403,
2026-01-15 19:58:51,POST,/system/health,
2026-01-15 19:58:52,GET,/jobs/order-export,
2026-01-15 19:58:52,GET,/jobs/order-export,
2026-01-15 19:58:52,POST,/inventory/prod-166,
2026-01-15 19:58:54,POST,/inventory/prod-608,
2026-01-15 19:58:54,POST,/system/health,
2026-01-15 19:58:55,POST,/system/health,
2026-01-15 19:58:56,GET,/system/health,
2026-01-15 19:58:56,POST,/s/-/dw/data/v21_3/orders/ORD-9221,
2026-01-15 19:58:56,POST,/s/-/dw/data/v21_3/orders/ORD-4423,
2026-01-15 19:58:57,POST,/system/health,
2026-01-15 19:58:57,POST,/inventory/prod-493,
2026-01-15 19:58:58,POST,/inventory/prod-941,
2026-01-15 19:58:58,POST,/s/-/dw/data/v21_3/orders/ORD-7871,
2026-01-15 19:58:58,POST,/system/health,
2026-01-15 19:58:58,POST,/system/health,
2026-01-15 19:58:59,GET,/jobs/order-export,
2026-01-15 19:58:59,GET,/system/health,
2026-01-15 19:59:00,GET,/s/-/dw/data/v21_3/orders/ORD-3679,
2026-01-15 19:59:00,GET,/inventory/prod-258,
2026-01-15 19:59:01,GET,/jobs/order-export,
2026-01-15 19:59:01,GET,/inventory/prod-984,
2026-01-15 19:59:01,POST,/inventory/prod-854,
2026-01-15 19:59:02,GET,/s/-/dw/data/v21_3/orders/ORD-6973,
2026-01-15 19:59:04,POST,/system/health,
2026-01-15 19:59:04,POST,/inventory/prod-198,
2026-01-15 19:59:05,GET,/system/health,
2026-01-15 19:59:07,GET,/s/-/dw/data/v21_3/orders/ORD-5418,
2026-01-15 19:59:07,POST,/inventory/prod-806,
2026-01-15 19:59:07,POST,/system/health,
2026-01-15 19:59:08,POST,/jobs/order-export,
2026-01-15 19:59:08,GET,/inventory/prod-802,
2026-01-15 19:59:08,POST,/s/-/dw/data/v21_3/orders/ORD-6486,
2026-01-15 19:59:08,GET,/jobs/order-export,
2026-01-15 19:59:09,GET,/s/-/dw/data/v21_3/orders/ORD-8934,
2026-01-15 19:59:10,GET,/jobs/order-export,
2026-01-15 19:59:11,GET,/jobs/order-export,
2026-01-15 19:59:11,GET,/inventory/prod-137,
2026-01-15 19:59:11,GET,/system/health,
2026-01-15 19:59:12,POST,/jobs/order-export,
2026-01-15 19:59:12,POST,/s/-/dw/data/v21_3/orders/ORD-3255,
2026-01-15 19:59:12,GET,/inventory/prod-299,
2026-01-15 19:59:12,GET,/inventory/prod-980,
2026-01-15 19:59:13,POST,/system/health,
2026-01-15 19:59:17,GET,/system/health,
2026-01-15 19:59:17,GET,/system/health,
2026-01-15 19:59:18,POST,/system/health,
2026-01-15 19:59:18,POST,/system/health,
2026-01-15 19:59:18,GET,/inventory/prod-407,
2026-01-15 19:59:18,POST,/system/health,
2026-01-15 19:59:19,POST,/s/-/dw/data/v21_3/orders/ORD-1344,
2026-01-15 19:59:19,GET,/s/-/dw/data/v21_3/orders/ORD-1717,
2026-01-15 19:59:19,GET,/inventory/prod-230,
2026-01-15 19:59:19,POST,/system/health,
2026-01-15 19:59:19,POST,/inventory/prod-531,
2026-01-15 19:59:20,GET,/system/health,
2026-01-15 19:59:20,GET,/inventory/prod-635,
2026-01-15 19:59:20,GET,/inventory/prod-811,
2026-01-15 19:59:20,GET,/jobs/order-export,
2026-01-15 19:59:20,GET,/s/-/dw/data/v21_3/orders/ORD-2372,
2026-01-15 19:59:21,GET,/jobs/order-export,
2026-01-15 19:59:21,GET,/system/health,
2026-01-15 19:59:21,POST,/inventory/prod-891,
2026-01-15 19:59:22,POST,/inventory/prod-393,
2026-01-15 19:59:26,GET,/jobs/order-export,
2026-01-15 19:59:27,GET,/system/health,
2026-01-15 19:59:27,GET,/inventory/prod-147,
2026-01-15 19:59:28,POST,/inventory/prod-681,
2026-01-15 19:59:28,POST,/system/health,
2026-01-15 19:59:28,GET,/s/-/dw/data/v21_3/orders/ORD-7019,
2026-01-15 19:59:29,POST,/jobs/order-export,
2026-01-15 19:59:29,GET,/system/health,
2026-01-15 19:59:29,POST,/system/health,
2026-01-15 19:59:30,POST,/jobs/order-export,
2026-01-15 19:59:30,POST,/inventory/prod-438,
2026-01-15 19:59:30,POST,/system/health,
2026-01-15 19:59:30,POST,/inventory/prod-853,
2026-01-15 19:59:30,GET,/inventory/prod-386,
2026-01-15 19:59:31,POST,/s/-/dw/data/v21_3/orders/ORD-9588,
2026-01-15 19:59:31,GET,/s/-/dw/data/v21_3/orders/ORD-9778,
2026-01-15 19:59:31,GET,/jobs/order-export,
2026-01-15 19:59:31,GET,/jobs/order-export,
2026-01-15 19:59:31,POST,/s/-/dw/data/v21_3/orders/ORD-4664,
2026-01-15 19:59:34,GET,/jobs/order-export,
2026-01-15 19:59:36,GET,/system/health,
2026-01-15 19:59:37,POST,/system/health,
2026-01-15 19:59:37,GET,/inventory/prod-835,
2026-01-15 19:59:38,GET,/jobs/order-export,
2026-01-15 19:59:38,GET,/inventory/prod-948,
2026-01-15 19:59:38,GET,/jobs/order-export,
2026-01-15 19:59:39,POST,/system/health,
2026-01-15 19:59:39,POST,/s/-/dw/data/v21_3/orders/ORD-5020,
2026-01-15 19:59:39,GET,/jobs/order-export,
2026-01-15 19:59:39,GET,/s/-/dw/data/v21_3/orders/ORD-5521,
2026-01-15 19:59:40,POST,/inventory/prod-373,
2026-01-15 19:59:40,GET,/inventory/prod-902,
2026-01-15 19:59:40,POST,/jobs/order-export,
2026-01-15 19:59:41,GET,/inventory/prod-402,
2026-01-15 19:59:41,GET,/system/health,
2026-01-15 19:59:41,GET,/s/-/dw/data/v21_3/orders/ORD-4277,
2026-01-15 19:59:42,POST,/system/health,
2026-01-15 19:59:42,POST,/inventory/prod-691,
2026-01-15 19:59:42,POST,/system/health,
2026-01-15 19:59:43,GET,/inventory/prod-953,
2026-01-15 19:59:47,GET,/s/-/dw/data/v21_3/orders/ORD-1231,
2026-01-15 19:59:48,GET,/jobs/order-export,
2026-01-15 19:59:48,POST,/inventory/prod-490,
2026-01-15 19:59:48,POST,/system/health,
2026-01-15 19:59:49,GET,/inventory/prod-482,
2026-01-15 19:59:49,POST,/jobs/order-export,
2026-01-15 19:59:49,GET,/inventory/prod-678,
2026-01-15 19:59:49,GET,/jobs/order-export,
2026-01-15 19:59:50,POST,/inventory/prod-975,
2026-01-15 19:59:50,GET,/jobs/order-export,
2026-01-15 19:59:50,POST,/s/-/dw/data/v21_3/orders/ORD-2113,
2026-01-15 19:59:51,POST,/system/health,
2026-01-15 19:59:51,POST,/system/health,
2026-01-15 19:59:52,POST,/system/health,
2026-01-15 19:59:52,GET,/system/health,
2026-01-15 19:59:52,POST,/s/-/dw/data/v21_3/orders/ORD-3138,
2026-01-15 19:59:52,GET,/system/health,
2026-01-15 19:59:53,POST,/inventory/prod-383,
2026-01-15 19:59:53,POST,/inventory/prod-796,
2026-01-15 19:59:53,POST,/s/-/dw/data/v21_3/orders/ORD-6884,
2026-01-15 19:59:58,GET,/system/health,
2026-01-15 19:59:58,GET,/s/-/dw/data/v21_3/orders/ORD-1117,
2026-01-15 19:59:58,POST,/s/-/dw/data/v21_3/orders/ORD-5968,
2026-01-15 19:59:59,GET,/system/health,
2026-01-15 19:59:59,POST,/s/-/dw/data/v21_3/orders/ORD-9373,
2026-01-15 19:59:59,POST,/s/-/dw/data/v21_3/orders/ORD-5494,
2026-01-15 19:59:59,POST,/system/health,
2026-01-15 20:00:00,GET,/system/health,
2026-01-15 20:00:00,POST,/jobs/order-export,
2026-01-15 20:00:00,GET,/s/-/dw/data/v21_3/orders/ORD-3338,
2026-01-15 20:00:00,GET,/s/-/dw/data/v21_3/orders/ORD-8272,
2026-01-15 20:00:01,GET,/inventory/prod-125,
2026-01-15 20:00:01,GET,/jobs/order-export,
2026-01-15 20:00:02,POST,/system/health,
2026-01-15 20:00:02,GET,/system/health,
2026-01-15 20:00:03,GET,/system/health,
2026-01-15 20:00:03,POST,/jobs/order-export,
2026-01-15 20:00:04,POST,/system/health,
2026-01-15 20:00:04,GET,/system/health,
2026-01-15 20:00:04,GET,/jobs/order-export,
2026-01-15 20:00:07,GET,/inventory/prod-455,
2026-01-15 20:00:08,GET,/system/health,
2026-01-15 20:00:09,POST,/jobs/order-export,
2026-01-15 20:00:09,GET,/system/health,
2026-01-15 20:00:10,POST,/s/-/dw/data/v21_3/orders/ORD-7827,
2026-01-15 20:00:10,GET,/jobs/order-export,
2026-01-15 20:00:10,POST,/jobs/order-export,
2026-01-15 20:00:11,POST,/system/health,
2026-01-15 20:00:11,POST,/system/health,
2026-01-15 20:00:11,POST,/s/-/dw/data/v21_3/orders/ORD-5885,
2026-01-15 20:00:11,GET,/inventory/prod-585,
2026-01-15 20:00:12,POST,/system/health,
2026-01-15 20:00:12,GET,/inventory/prod-467,
2026-01-15 20:00:13,GET,/s/-/dw/data/v21_3/orders/ORD-9356,
2026-01-15 20:00:15,GET,/system/health,
2026-01-15 20:00:15,GET,/jobs/order-export,
2026-01-15 20:00:16,GET,/s/-/dw/data/v21_3/orders/ORD-3573,
2026-01-15 20:00:16,GET,/s/-/dw/data/v21_3/orders/ORD-4000,
2026-01-15 20:00:17,POST,/system/health,
2026-01-15 20:00:17,GET,/jobs/order-export,
2026-01-15 20:00:19,GET,/system/health,
2026-01-15 20:00:19,POST,/system/health,
2026-01-15 20:00:22,POST,/s/-/dw/data/v21_3/orders/ORD-3939,
2026-01-15 20:00:22,POST,/s/-/dw/data/v21_3/orders/ORD-6984,
2026-01-15 20:00:23,POST,/system/health,
2026-01-15 20:00:23,GET,/jobs/order-export,
2026-01-15 20:00:23,GET,/inventory/prod-441,
2026-01-15 20:00:23,GET,/inventory/prod-689,
2026-01-15 20:00:24,POST,/system/health,
2026-01-15 20:00:24,POST,/inventory/prod-403,
2026-01-15 20:00:24,GET,/jobs/order-export,
2026-01-15 20:00:25,GET,/jobs/order-export,
2026-01-15 20:00:25,POST,/jobs/order-export,
2026-01-15 20:00:25,POST,/system/health,
2026-01-15 20:00:26,POST,/inventory/prod-218,
2026-01-15 20:00:26,GET,/jobs/order-export,
2026-01-15 20:00:26,GET,/s/-/dw/data/v21_3/orders/ORD-8200,
2026-01-15 20:00:27,POST,/inventory/prod-699,
2026-01-15 20:00:27,GET,/system/health,
2026-01-15 20:00:28,GET,/inventory/prod-602,
2026-01-15 20:00:31,GET,/system/health,
2026-01-15 20:00:32,POST,/system/health,
2026-01-15 20:00:32,POST,/jobs/order-export,
2026-01-15 20:00:33,POST,/inventory/prod-300,
2026-01-15 20:00:33,POST,/system/health,
2026-01-15 20:00:33,GET,/s/-/dw/data/v21_3/orders/ORD-3688,
2026-01-15 20:00:34,GET,/system/health,
2026-01-15 20:00:34,POST,/system/health,
2026-01-15 20:00:35,POST,/inventory/prod-614,
2026-01-15 20:00:35,GET,/inventory/prod-900,
2026-01-15 20:00:35,POST,/s/-/dw/data/v21_3/orders/ORD-3401,
2026-01-15 20:00:35,GET,/inventory/prod-223,
2026-01-15 20:00:36,POST,/jobs/order-export,
2026-01-15 20:00:36,POST,/system/health,
2026-01-15 20:00:36,POST,/s/-/dw/data/v21_3/orders/ORD-7754,
2026-01-15 20:00:37,GET,/inventory/prod-296,
2026-01-15 20:00:37,POST,/inventory/prod-254,
2026-01-15 20:00:38,POST,/system/health,
2026-01-15 20:00:41,POST,/s/-/dw/data/v21_3/orders/ORD-5777,
2026-01-15 20:00:42,GET,/system/health,
2026-01-15 20:00:42,GET,/s/-/dw/data/v21_3/orders/ORD-8554,
2026-01-15 20:00:42,POST,/system/health,
2026-01-15 20:00:43,POST,/jobs/order-export,
2026-01-15 20:00:46,GET,/s/-/dw/data/v21_3/orders/ORD-6890,
2026-01-15 20:00:46,GET,/system/health,
2026-01-15 20:00:47,POST,/jobs/order-export,
2026-01-15 20:00:47,POST,/jobs/order-export,
2026-01-15 20:00:47,POST,/s/-/dw/data/v21_3/orders/ORD-5717,
2026-01-15 20:00:48,GET,/system/health,
2026-01-15 20:00:48,POST,/system/health,
2026-01-15 20:00:48,GET,/jobs/order-export,
2026-01-15 20:00:49,GET,/inventory/prod-432,
2026-01-15 20:00:49,GET,/system/health,
2026-01-15 20:00:49,GET,/inventory/prod-336,
2026-01-15 20:00:49,GET,/s/-/dw/data/v21_3/orders/ORD-6024,
2026-01-15 20:00:52,POST,/inventory/prod-583,
2026-01-15 20:00:53,POST,/s/-/dw/data/v21_3/orders/ORD-7924,
2026-01-15 20:00:54,POST,/inventory/prod-911,
2026-01-15 20:00:54,POST,/inventory/prod-985,
2026-01-15 20:00:55,POST,/jobs/order-export,
2026-01-15 20:00:55,POST,/inventory/prod-861,
2026-01-15 20:00:55,POST,/jobs/order-export,
2026-01-15 20:00:56,POST,/inventory/prod-701,
2026-01-15 20:00:57,POST,/s/-/dw/data/v21_3/orders/ORD-7244,
2026-01-15 20:00:58,GET,/system/health,
2026-01-15 20:00:58,GET,/inventory/prod-521,
2026-01-15 20:00:59,POST,/system/health,
2026-01-15 20:00:59,POST,/inventory/prod-887,
2026-01-15 20:01:00,POST,/system/health,
2026-01-15 20:01:00,GET,/jobs/order-export,
2026-01-15 20:01:01,POST,/jobs/order-export,
2026-01-15 20:01:01,GET,/system/health,
2026-01-15 20:01:02,POST,/system/health,
2026-01-15 20:01:02,GET,/system/health,
2026-01-15 20:01:03,POST,/s/-/dw/data/v21_3/orders/ORD-1561,
2026-01-15 20:01:03,POST,/jobs/order-export,
2026-01-15 20:01:04,POST,/s/-/dw/data/v21_3/orders/ORD-9066,
2026-01-15 20:01:04,POST,/inventory/prod-660,
2026-01-15 20:01:06,GET,/system/health,
2026-01-15 20:01:07,POST,/jobs/order-export,
2026-01-15 20:01:07,POST,/inventory/prod-397,
2026-01-15 20:01:07,GET,/inventory/prod-719,
2026-01-15 20:01:08,GET,/s/-/dw/data/v21_3/orders/ORD-7591,
2026-01-15 20:01:08,POST,/inventory/prod-176,
2026-01-15 20:01:08,GET,/system/health,
2026-01-15 20:01:09,GET,/jobs/order-export,
2026-01-15 20:01:12,GET,/jobs/order-export,
2026-01-15 20:01:12,POST,/system/health,
2026-01-15 20:01:13,GET,/jobs/order-export,
2026-01-15 20:01:13,GET,/system/health,
2026-01-15 20:01:15,POST,/jobs/order-export,
2026-01-15 20:01:16,POST,/system/health,
2026-01-15 20:01:16,GET,/inventory/prod-357,
2026-01-15 20:01:19,POST,/inventory/prod-850,
2026-01-15 20:01:19,POST,/jobs/order-export,
2026-01-15 20:01:21,POST,/s/-/dw/data/v21_3/orders/ORD-5927,
2026-01-15 20:01:21,POST,/s/-/dw/data/v21_3/orders/ORD-6368,
2026-01-15 20:01:22,GET,/s/-/dw/data/v21_3/orders/ORD-1711,
2026-01-15 20:01:23,POST,/inventory/prod-479,
2026-01-15 20:01:23,GET,/system/health,
2026-01-15 20:01:24,POST,/system/health,
2026-01-15 20:01:24,GET,/s/-/dw/data/v21_3/orders/ORD-4296,
2026-01-15 20:01:24,POST,/s/-/dw/data/v21_3/orders/ORD-8332,
2026-01-15 20:01:25,GET,/system/health,
2026-01-15 20:01:25,POST,/system/health,
2026-01-15 20:01:26,POST,/inventory/prod-966,
2026-01-15 20:01:26,POST,/jobs/order-export,
2026-01-15 20:01:27,GET,/s/-/dw/data/v21_3/orders/ORD-9282,
2026-01-15 20:01:27,POST,/s/-/dw/data/v21_3/orders/ORD-2041,
2026-01-15 20:01:27,POST,/system/health,
2026-01-15 20:01:29,GET,/s/-/dw/data/v21_3/orders/ORD-8879,
2026-01-15 20:01:30,POST,/inventory/prod-216,
2026-01-15 20:01:30,GET,/inventory/prod-775,
2026-01-15 20:01:31,GET,/jobs/order-export,
2026-01-15 20:01:31,GET,/inventory/prod-677,
2026-01-15 20:01:32,POST,/jobs/order-export,
2026-01-15 20:01:32,GET,/jobs/order-export,
2026-01-15 20:01:32,GET,/s/-/dw/data/v21_3/orders/ORD-2360,
2026-01-15 20:01:33,GET,/s/-/dw/data/v21_3/orders/ORD-5442,
2026-01-15 20:01:33,GET,/jobs/order-export,
2026-01-15 20:01:33,POST,/s/-/dw/data/v21_3/orders/ORD-2421,
2026-01-15 20:01:33,POST,/inventory/prod-525,
2026-01-15 20:01:34,GET,/s/-/dw/data/v21_3/orders/ORD-7017,
2026-01-15 20:01:34,GET,/system/health,
2026-01-15 20:01:35,GET,/system/health,
2026-01-15 20:01:35,GET,/system/health,
2026-01-15 20:01:35,POST,/system/health,
2026-01-15 20:01:35,POST,/s/-/dw/data/v21_3/orders/ORD-3866,
2026-01-15 20:01:36,POST,/jobs/order-export,
2026-01-15 20:01:36,POST,/s/-/dw/data/v21_3/orders/ORD-1828,
2026-01-15 20:01:38,GET,/s/-/dw/data/v21_3/orders/ORD-2027,
2026-01-15 20:01:41,GET,/system/health,
2026-01-15 20:01:41,GET,/system/health,
2026-01-15 20:01:42,GET,/s/-/dw/data/v21_3/orders/ORD-2485,
2026-01-15 20:01:42,POST,/inventory/prod-261,
2026-01-15 20:01:42,POST,/inventory/prod-535,
2026-01-15 20:01:42,GET,/inventory/prod-155,
2026-01-15 20:01:43,POST,/system/health,
2026-01-15 20:01:43,POST,/inventory/prod-848,
2026-01-15 20:01:43,GET,/s/-/dw/data/v21_3/orders/ORD-9860,
2026-01-15 20:01:43,GET,/s/-/dw/data/v21_3/orders/ORD-6682,
2026-01-15 20:01:44,GET,/jobs/order-export,
2026-01-15 20:01:44,POST,/s/-/dw/data/v21_3/orders/ORD-9233,
2026-01-15 20:01:44,POST,/s/-/dw/data/v21_3/orders/ORD-4324,
2026-01-15 20:01:45,POST,/jobs/order-export,
2026-01-15 20:01:48,GET,/s/-/dw/data/v21_3/orders/ORD-2960,
2026-01-15 20:01:48,POST,/inventory/prod-933,
2026-01-15 20:01:49,GET,/inventory/prod-244,
2026-01-15 20:01:49,GET,/s/-/dw/data/v21_3/orders/ORD-3874,
2026-01-15 20:01:49,POST,/s/-/dw/data/v21_3/orders/ORD-7343,
2026-01-15 20:01:50,POST,/system/health,
2026-01-15 20:01:50,GET,/inventory/prod-586,
2026-01-15 20:01:51,POST,/s/-/dw/data/v21_3/orders/ORD-7767,
2026-01-15 20:01:51,GET,/jobs/order-export,
2026-01-15 20:01:53,GET,/system/health,
2026-01-15 20:01:54,GET,/inventory/prod-501,
2026-01-15 20:01:54,GET,/jobs/order-export,
2026-01-15 20:01:54,POST,/s/-/dw/data/v21_3/orders/ORD-8925,
2026-01-15 20:01:55,GET,/s/-/dw/data/v21_3/orders/ORD-8813,
2026-01-15 20:01:55,GET,/jobs/order-export,
2026-01-15 20:01:55,POST,/s/-/dw/data/v21_3/orders/ORD-5650,
2026-01-15 20:01:55,POST,/jobs/order-export,
2026-01-15 20:01:56,POST,/jobs/order-export,
2026-01-15 20:01:56,GET,/s/-/dw/data/v21_3/orders/ORD-5736,
2026-01-15 20:01:59,POST,/system/health,
2026-01-15 20:01:59,GET,/jobs/order-export,
2026-01-15 20:02:01,POST,/s/-/dw/data/v21_3/orders/ORD-6839,
2026-01-15 20:02:01,POST,/jobs/order-export,
2026-01-15 20:02:02,GET,/s/-/dw/data/v21_3/orders/ORD-3177,
2026-01-15 20:02:02,GET,/inventory/prod-407,
2026-01-15 20:02:03,POST,/system/health,
2026-01-15 20:02:03,GET,/jobs/order-export,
2026-01-15 20:02:03,POST,/system/health,
2026-01-15 20:02:03,GET,/inventory/prod-321,
2026-01-15 20:02:04,POST,/inventory/prod-154,
2026-01-15 20:02:04,POST,/system/health,
2026-01-15 20:02:05,GET,/s/-/dw/data/v21_3/orders/ORD-2508,
2026-01-15 20:02:05,GET,/jobs/order-export,
2026-01-15 20:02:06,GET,/jobs/order-export,
2026-01-15 20:02:06,GET,/inventory/prod-519,
2026-01-15 20:02:11,POST,/system/health,
2026-01-15 20:02:12,POST,/system/health,
2026-01-15 20:02:12,POST,/s/-/dw/data/v21_3/orders/ORD-9856,
2026-01-15 20:02:12,POST,/inventory/prod-675,
2026-01-15 20:02:13,GET,/system/health,
2026-01-15 20:02:13,POST,/jobs/order-export,
2026-01-15 20:02:13,POST,/jobs/order-export,
2026-01-15 20:02:14,GET,/inventory/prod-956,
2026-01-15 20:02:14,GET,/jobs/order-export,
2026-01-15 20:02:14,GET,/jobs/order-export,
2026-01-15 20:02:14,GET,/jobs/order-export,
2026-01-15 20:02:14,GET,/system/health,
2026-01-15 20:02:15,POST,/system/health,
2026-01-15 20:02:17,POST,/inventory/prod-119,
2026-01-15 20:02:17,POST,/inventory/prod-461,
2026-01-15 20:02:17,GET,/s/-/dw/data/v21_3/orders/ORD-8775,
2026-01-15 20:02:17,POST,/jobs/order-export,
2026-01-15 20:02:18,GET,/jobs/order-export,
2026-01-15 20:02:18,GET,/s/-/dw/data/v21_3/orders/ORD-7621,
2026-01-15 20:02:19,POST,/system/health,
2026-01-15 20:02:23,POST,/jobs/order-export,
2026-01-15 20:02:23,GET,/s/-/dw/data/v21_3/orders/ORD-6407,
2026-01-15 20:02:23,POST,/s/-/dw/data/v21_3/orders/ORD-9952,
2026-01-15 20:02:24,POST,/inventory/prod-560,
2026-01-15 20:02:24,GET,/jobs/order-export,
2026-01-15 20:02:25,GET,/s/-/dw/data/v21_3/orders/ORD-7912,
2026-01-15 20:02:25,POST,/system/health,
2026-01-15 20:02:26,POST,/system/health,
2026-01-15 20:02:26,POST,/s/-/dw/data/v21_3/orders/ORD-5587,
2026-01-15 20:02:26,GET,/system/health,
2026-01-15 20:02:27,GET,/s/-/dw/data/v21_3/orders/ORD-6363,
2026-01-15 20:02:27,GET,/jobs/order-export,
2026-01-15 20:02:27,POST,/inventory/prod-447,
2026-01-15 20:02:27,POST,/s/-/dw/data/v21_3/orders/ORD-4824,
2026-01-15 20:02:28,GET,/s/-/dw/data/v21_3/orders/ORD-5630,
2026-01-15 20:02:28,GET,/inventory/prod-558,
2026-01-15 20:02:28,POST,/system/health,
2026-01-15 20:02:28,POST,/s/-/dw/data/v21_3/orders/ORD-2919,
2026-01-15 20:02:29,POST,/s/-/dw/data/v21_3/orders/ORD-2593,
2026-01-15 20:02:29,GET,/s/-/dw/data/v21_3/orders/ORD-6459,
2026-01-15 20:02:34,POST,/jobs/order-export,
2026-01-15 20:02:34,POST,/jobs/order-export,
2026-01-15 20:02:35,POST,/system/health,
2026-01-15 20:02:35,POST,/s/-/dw/data/v21_3/orders/ORD-4251,
2026-01-15 20:02:36,GET,/s/-/dw/data/v21_3/orders/ORD-3252,
2026-01-15 20:02:36,GET,/inventory/prod-529,
2026-01-15 20:02:36,GET,/jobs/order-export,
2026-01-15 20:02:37,POST,/s/-/dw/data/v21_3/orders/ORD-5677,
2026-01-15 20:02:37,GET,/inventory/prod-846,
2026-01-15 20:02:37,GET,/s/-/dw/data/v21_3/orders/ORD-1510,
2026-01-15 20:02:37,POST,/system/health,
2026-01-15 20:02:38,GET,/jobs/order-export,
2026-01-15 20:02:38,GET,/s/-/dw/data/v21_3/orders/ORD-3105,
2026-01-15 20:02:38,POST,/jobs/order-export,
2026-01-15 20:02:40,POST,/system/health,
2026-01-15 20:02:41,POST,/jobs/order-export,
2026-01-15 20:02:41,POST,/s/-/dw/data/v21_3/orders/ORD-5882,
2026-01-15 20:02:42,POST,/system/health,
2026-01-15 20:02:42,POST,/inventory/prod-200,
2026-01-15 20:02:42,POST,/jobs/order-export,
2026-01-15 20:02:44,POST,/inventory/prod-565,
2026-01-15 20:02:44,POST,/system/health,
2026-01-15 20:02:44,GET,/s/-/dw/data/v21_3/orders/ORD-6813,
2026-01-15 20:02:45,GET,/jobs/order-export,
2026-01-15 20:02:45,POST,/jobs/order-export,
2026-01-15 20:02:46,POST,/jobs/order-export,
2026-01-15 20:02:46,GET,/inventory/prod-605,
2026-01-15 20:02:46,POST,/inventory/prod-145,
2026-01-15 20:02:47,GET,/jobs/order-export,
2026-01-15 20:02:47,POST,/s/-/dw/data/v21_3/orders/ORD-6362,
2026-01-15 20:02:48,POST,/inventory/prod-487,
2026-01-15 20:02:49,GET,/inventory/prod-944,
2026-01-15 20:02:49,POST,/jobs/order-export,
2026-01-15 20:02:51,POST,/jobs/order-export,
2026-01-15 20:02:52,POST,/inventory/prod-322,
2026-01-15 20:02:52,POST,/system/health,
2026-01-15 20:02:53,POST,/jobs/order-export,
2026-01-15 20:02:53,POST,/inventory/prod-189,
2026-01-15 20:02:53,POST,/system/health,
2026-01-15 20:02:53,POST,/s/-/dw/data/v21_3/orders/ORD-6416,
2026-01-15 20:02:54,GET,/s/-/dw/data/v21_3/orders/ORD-4078,
2026-01-15 20:02:55,POST,/s/-/dw/data/v21_3/orders/ORD-1568,
2026-01-15 20:02:56,GET,/s/-/dw/data/v21_3/orders/ORD-7293,
2026-01-15 20:02:56,GET,/system/health,
2026-01-15 20:02:57,POST,/inventory/prod-863,
2026-01-15 20:02:59,POST,/s/-/dw/data/v21_3/orders/ORD-3283,
2026-01-15 20:02:59,POST,/jobs/order-export,
2026-01-15 20:03:00,POST,/s/-/dw/data/v21_3/orders/ORD-4003,
2026-01-15 20:03:00,POST,/s/-/dw/data/v21_3/orders/ORD-3112,
2026-01-15 20:03:00,POST,/jobs/order-export,
2026-01-15 20:03:00,POST,/inventory/prod-757,
2026-01-15 20:03:00,GET,/jobs/order-export,
2026-01-15 20:03:01,POST,/inventory/prod-876,
2026-01-15 20:03:01,GET,/system/health,
2026-01-15 20:03:01,GET,/inventory/prod-170,
2026-01-15 20:03:01,GET,/system/health,
2026-01-15 20:03:02,GET,/s/-/dw/data/v21_3/orders/ORD-8514,
2026-01-15 20:03:02,POST,/s/-/dw/data/v21_3/orders/ORD-8461,
2026-01-15 20:03:03,POST,/inventory/prod-923,
2026-01-15 20:03:03,POST,/inventory/prod-327,
2026-01-15 20:03:06,GET,/system/health,
2026-01-15 20:03:07,POST,/jobs/order-export,
2026-01-15 20:03:07,POST,/s/-/dw/data/v21_3/orders/ORD-1977,
2026-01-15 20:03:07,GET,/jobs/order-export,
2026-01-15 20:03:08,POST,/s/-/dw/data/v21_3/orders/ORD-5292,
2026-01-15 20:03:08,POST,/system/health,
2026-01-15 20:03:09,GET,/inventory/prod-836,
2026-01-15 20:03:09,GET,/s/-/dw/data/v21_3/orders/ORD-7232,
2026-01-15 20:03:09,POST,/s/-/dw/data/v21_3/orders/ORD-8901,
2026-01-15 20:03:09,POST,/s/-/dw/data/v21_3/orders/ORD-5059,
2026-01-15 20:03:09,GET,/system/health,
2026-01-15 20:03:09,POST,/jobs/order-export,
2026-01-15 20:03:10,GET,/inventory/prod-447,
2026-01-15 20:03:10,POST,/jobs/order-export,
2026-01-15 20:03:10,POST,/jobs/order-export,
2026-01-15 20:03:14,GET,/jobs/order-export,
2026-01-15 20:03:14,GET,/inventory/prod-904,
2026-01-15 20:03:15,POST,/jobs/order-export,
2026-01-15 20:03:15,GET,/system/health,
2026-01-15 20:03:15,GET,/system/health,
2026-01-15 20:03:16,GET,/jobs/order-export,
2026-01-15 20:03:18,GET,/s/-/dw/data/v21_3/orders/ORD-5560,
2026-01-15 20:03:18,GET,/inventory/prod-750,
2026-01-15 20:03:19,GET,/s/-/dw/data/v21_3/orders/ORD-7231,
2026-01-15 20:03:19,GET,/system/health,
2026-01-15 20:03:19,GET,/inventory/prod-431,
2026-01-15 20:03:20,POST,/jobs/order-export,
2026-01-15 20:03:20,POST,/inventory/prod-519,
2026-01-15 20:03:21,GET,/jobs/order-export,
2026-01-15 20:03:21,POST,/s/-/dw/data/v21_3/orders/ORD-1779,
2026-01-15 20:03:21,GET,/s/-/dw/data/v21_3/orders/ORD-1294,
2026-01-15 20:03:22,POST,/s/-/dw/data/v21_3/orders/ORD-2129,
2026-01-15 20:03:22,GET,/inventory/prod-943,
2026-01-15 20:03:23,POST,/s/-/dw/data/v21_3/orders/ORD-1524,
2026-01-15 20:03:23,GET,/inventory/prod-966,
2026-01-15 20:03:23,GET,/s/-/dw/data/v21_3/orders/ORD-4620,
2026-01-15 20:03:24,POST,/system/health,
2026-01-15 20:03:24,GET,/system/health,
2026-01-15 20:03:24,GET,/s/-/dw/data/v21_3/orders/ORD-8083,
2026-01-15 20:03:25,GET,/inventory/prod-693,
2026-01-15 20:03:27,POST,/s/-/dw/data/v21_3/orders/ORD-8922,
2026-01-15 20:03:27,GET,/jobs/order-export,
2026-01-15 20:03:28,GET,/s/-/dw/data/v21_3/orders/ORD-2446,
2026-01-15 20:03:28,POST,/system/health,
2026-01-15 20:03:29,POST,/jobs/order-export,
2026-01-15 20:03:30,POST,/s/-/dw/data/v21_3/orders/ORD-4256,
2026-01-15 20:03:31,POST,/jobs/order-export,
2026-01-15 20:03:32,GET,/jobs/order-export,
2026-01-15 20:03:32,GET,/inventory/prod-161,
2026-01-15 20:03:32,POST,/inventory/prod-825,
2026-01-15 20:03:32,GET,/system/health,
2026-01-15 20:03:33,GET,/s/-/dw/data/v21_3/orders/ORD-9671,
2026-01-15 20:03:33,POST,/jobs/order-export,
2026-01-15 20:03:33,POST,/s/-/dw/data/v21_3/orders/ORD-5295,
2026-01-15 20:03:33,GET,/inventory/prod-223,
2026-01-15 20:03:34,POST,/system/health,
2026-01-15 20:03:34,POST,/s/-/dw/data/v21_3/orders/ORD-4024,
2026-01-15 20:03:34,GET,/inventory/prod-391,
2026-01-15 20:03:34,POST,/jobs/order-export,
2026-01-15 20:03:35,GET,/s/-/dw/data/v21_3/orders/ORD-4918,
2026-01-15 20:03:39,GET,/inventory/prod-896,
2026-01-15 20:03:40,POST,/system/health,
2026-01-15 20:03:40,POST,/jobs/order-export,
2026-01-15 20:03:40,POST,/inventory/prod-325,
2026-01-15 20:03:40,POST,/system/health,
2026-01-15 20:03:41,GET,/jobs/order-export,
2026-01-15 20:03:41,GET,/inventory/prod-317,
2026-01-15 20:03:41,GET,/s/-/dw/data/v21_3/orders/ORD-3635,
2026-01-15 20:03:41,GET,/system/health,
2026-01-15 20:03:42,POST,/system/health,
2026-01-15 20:03:42,GET,/system/health,
2026-01-15 20:03:43,GET,/s/-/dw/data/v21_3/orders/ORD-3353,
2026-01-15 20:03:43,POST,/s/-/dw/data/v21_3/orders/ORD-4189,
2026-01-15 20:03:43,GET,/inventory/prod-272,
2026-01-15 20:03:44,GET,/s/-/dw/data/v21_3/orders/ORD-5855,
2026-01-15 20:03:44,GET,/jobs/order-export,
2026-01-15 20:03:44,GET,/inventory/prod-843,
2026-01-15 20:03:47,POST,/system/health,
2026-01-15 20:03:47,GET,/inventory/prod-162,
2026-01-15 20:03:48,GET,/jobs/order-export,
2026-01-15 20:03:50,POST,/inventory/prod-999,
2026-01-15 20:03:50,GET,/inventory/prod-272,
2026-01-15 20:03:51,POST,/jobs/order-export,
2026-01-15 20:03:51,GET,/jobs/order-export,
2026-01-15 20:03:52,GET,/s/-/dw/data/v21_3/orders/ORD-6504,
2026-01-15 20:03:52,GET,/inventory/prod-194,
2026-01-15 20:03:53,POST,/s/-/dw/data/v21_3/orders/ORD-8710,
2026-01-15 20:03:53,POST,/s/-/dw/data/v21_3/orders/ORD-4078,
2026-01-15 20:03:53,GET,/inventory/prod-540,
2026-01-15 20:03:53,POST,/jobs/order-export,
2026-01-15 20:03:54,POST,/inventory/prod-338,
2026-01-15 20:03:54,GET,/inventory/prod-477,
2026-01-15 20:03:54,POST,/jobs/order-export,
2026-01-15 20:03:55,GET,/inventory/prod-578,
2026-01-15 20:03:55,GET,/jobs/order-export,
2026-01-15 20:03:55,GET,/s/-/dw/data/v21_3/orders/ORD-5771,
2026-01-15 20:03:56,POST,/jobs/order-export,
2026-01-15 20:03:56,POST,/s/-/dw/data/v21_3/orders/ORD-2895,
2026-01-15 20:03:57,POST,/system/health,
2026-01-15 20:03:59,GET,/inventory/prod-404,
2026-01-15 20:03:59,GET,/jobs/order-export,
2026-01-15 20:04:00,GET,/inventory/prod-193,
2026-01-15 20:04:00,POST,/jobs/order-export,
2026-01-15 20:04:01,GET,/inventory/prod-853,
2026-01-15 20:04:01,POST,/jobs/order-export,
2026-01-15 20:04:02,GET,/jobs/order-export,
2026-01-15 20:04:02,POST,/jobs/order-export,
2026-01-15 20:04:02,GET,/system/health,
2026-01-15 20:04:03,GET,/inventory/prod-283,
2026-01-15 20:04:03,POST,/system/health,
2026-01-15 20:04:05,POST,/jobs/order-export,
2026-01-15 20:04:05,POST,/jobs/order-export,
2026-01-15 20:04:05,GET,/s/-/dw/data/v21_3/orders/ORD-4457,
2026-01-15 20:04:06,GET,/s/-/dw/data/v21_3/orders/ORD-2378,
2026-01-15 20:04:06,POST,/system/health,
2026-01-15 20:04:09,GET,/system/health,
2026-01-15 20:04:09,POST,/s/-/dw/data/v21_3/orders/ORD-7426,
2026-01-15 20:04:10,GET,/system/health,
2026-01-15 20:04:11,GET,/jobs/order-export,
2026-01-15 20:04:12,POST,/inventory/prod-442,
2026-01-15 20:04:12,GET,/s/-/dw/data/v21_3/orders/ORD-4146,
2026-01-15 20:04:13,POST,/system/health,
2026-01-15 20:04:13,POST,/jobs/order-export,
2026-01-15 20:04:15,POST,/inventory/prod-486,
2026-01-15 20:04:15,GET,/jobs/order-export,
2026-01-15 20:04:16,GET,/s/-/dw/data/v21_3/orders/ORD-1508,
2026-01-15 20:04:16,POST,/jobs/order-export,
2026-01-15 20:04:16,GET,/inventory/prod-399,
2026-01-15 20:04:17,POST,/s/-/dw/data/v21_3/orders/ORD-8805,
2026-01-15 20:04:17,GET,/s/-/dw/data/v21_3/orders/ORD-5586,
2026-01-15 20:04:18,GET,/jobs/order-export,
2026-01-15 20:04:19,POST,/s/-/dw/data/v21_3/orders/ORD-1952,
2026-01-15 20:04:19,POST,/s/-/dw/data/v21_3/orders/ORD-2167,
2026-01-15 20:04:20,GET,/jobs/order-export,
2026-01-15 20:04:20,GET,/jobs/order-export,
2026-01-15 20:04:20,GET,/inventory/prod-511,
2026-01-15 20:04:21,GET,/s/-/dw/data/v21_3/orders/ORD-9422,
2026-01-15 20:04:21,POST,/jobs/order-export,
2026-01-15 20:04:22,GET,/s/-/dw/data/v21_3/orders/ORD-2729,
2026-01-15 20:04:22,GET,/jobs/order-export,
2026-01-15 20:04:23,GET,/s/-/dw/data/v21_3/orders/ORD-5236,
2026-01-15 20:04:23,GET,/inventory/prod-628,
2026-01-15 20:04:24,POST,/jobs/order-export,
2026-01-15 20:04:25,POST,/s/-/dw/data/v21_3/orders/ORD-9654,
2026-01-15 20:04:25,GET,/jobs/order-export,
2026-01-15 20:04:26,POST,/s/-/dw/data/v21_3/orders/ORD-2803,
2026-01-15 20:04:26,GET,/inventory/prod-136,
2026-01-15 20:04:27,GET,/jobs/order-export,
2026-01-15 20:04:27,GET,/s/-/dw/data/v21_3/orders/ORD-6145,
2026-01-15 20:04:28,GET,/system/health,
2026-01-15 20:04:28,GET,/inventory/prod-932,
2026-01-15 20:04:31,POST,/s/-/dw/data/v21_3/orders/ORD-9353,
2026-01-15 20:04:31,POST,/s/-/dw/data/v21_3/orders/ORD-2627,
2026-01-15 20:04:33,GET,/system/health,
2026-01-15 20:04:34,POST,/jobs/order-export,
2026-01-15 20:04:34,GET,/inventory/prod-433,
2026-01-15 20:04:34,GET,/inventory/prod-253,
2026-01-15 20:04:34,GET,/s/-/dw/data/v21_3/orders/ORD-4469,
2026-01-15 20:04:37,POST,/inventory/prod-649,
2026-01-15 20:04:37,POST,/s/-/dw/data/v21_3/orders/ORD-6562,
2026-01-15 20:04:37,POST,/inventory/prod-248,
2026-01-15 20:04:38,GET,/system/health,
2026-01-15 20:04:38,POST,/inventory/prod-112,
2026-01-15 20:04:38,GET,/jobs/order-export,
2026-01-15 20:04:39,POST,/system/health,
2026-01-15 20:04:39,GET,/inventory/prod-387,
2026-01-15 20:04:39,GET,/system/health,
2026-01-15 20:04:39,POST,/jobs/order-export,
2026-01-15 20:04:40,POST,/s/-/dw/data/v21_3/orders/ORD-7997,
2026-01-15 20:04:40,POST,/system/health,
2026-01-15 20:04:45,POST,/inventory/prod-813,
2026-01-15 20:04:46,POST,/s/-/dw/data/v21_3/orders/ORD-9560,
2026-01-15 20:04:46,GET,/inventory/prod-281,
2026-01-15 20:04:47,GET,/jobs/order-export,
2026-01-15 20:04:47,GET,/inventory/prod-260,
2026-01-15 20:04:47,GET,/s/-/dw/data/v21_3/orders/ORD-6361,
2026-01-15 20:04:48,POST,/inventory/prod-264,
2026-01-15 20:04:48,GET,/s/-/dw/data/v21_3/orders/ORD-9925,
2026-01-15 20:04:48,GET,/jobs/order-export,
2026-01-15 20:04:49,POST,/system/health,
2026-01-15 20:04:49,POST,/jobs/order-export,
2026-01-15 20:04:50,GET,/s/-/dw/data/v21_3/orders/ORD-8747,
2026-01-15 20:04:50,POST,/inventory/prod-668,
2026-01-15 20:04:50,POST,/inventory/prod-587,
2026-01-15 20:04:50,POST,/s/-/dw/data/v21_3/orders/ORD-4622,
2026-01-15 20:04:51,GET,/inventory/prod-801,
2026-01-15 20:04:51,GET,/inventory/prod-333,
2026-01-15 20:04:51,POST,/jobs/order-export,
2026-01-15 20:04:52,GET,/jobs/order-export,
2026-01-15 20:04:52,GET,/inventory/prod-297,
2026-01-15 20:04:56,POST,/system/health,
2026-01-15 20:04:57,POST,/s/-/dw/data/v21_3/orders/ORD-6257,
2026-01-15 20:04:57,POST,/system/health,
2026-01-15 20:04:58,POST,/jobs/order-export,
2026-01-15 20:04:58,GET,/s/-/dw/data/v21_3/orders/ORD-4911,
2026-01-15 20:04:58,POST,/s/-/dw/data/v21_3/orders/ORD-4588,
2026-01-15 20:04:58,GET,/inventory/prod-166,
2026-01-15 20:04:59,POST,/inventory/prod-384,
2026-01-15 20:04:59,POST,/jobs/order-export,
2026-01-15 20:04:59,GET,/s/-/dw/data/v21_3/orders/ORD-6149,
2026-01-15 20:04:59,POST,/inventory/prod-453,
2026-01-15 20:05:00,GET,/jobs/order-export,
2026-01-15 20:05:00,GET,/system/health,
2026-01-15 20:05:00,GET,/s/-/dw/data/v21_3/orders/ORD-4153,
2026-01-15 20:05:01,POST,/jobs/order-export,
2026-01-15 20:05:02,POST,/inventory/prod-190,
2026-01-15 20:05:02,POST,/inventory/prod-185,
2026-01-15 20:05:03,POST,/jobs/order-export,
2026-01-15 20:05:03,POST,/system/health,
2026-01-15 20:05:04,GET,/jobs/order-export,
2026-01-15 20:05:08,GET,/s/-/dw/data/v21_3/orders/ORD-5105,
2026-01-15 20:05:08,POST,/jobs/order-export,
2026-01-15 20:05:09,POST,/inventory/prod-142,
2026-01-15 20:05:09,GET,/system/health,
2026-01-15 20:05:09,POST,/s/-/dw/data/v21_3/orders/ORD-3913,
2026-01-15 20:05:09,GET,/inventory/prod-124,
2026-01-15 20:05:10,GET,/s/-/dw/data/v21_3/orders/ORD-9090,
2026-01-15 20:05:10,POST,/system/health,
2026-01-15 20:05:10,GET,/jobs/order-export,
2026-01-15 20:05:10,GET,/s/-/dw/data/v21_3/orders/ORD-7454,
2026-01-15 20:05:10,POST,/inventory/prod-427,
2026-01-15 20:05:11,GET,/jobs/order-export,
2026-01-15 20:05:11,GET,/jobs/order-export,
2026-01-15 20:05:11,POST,/jobs/order-export,
2026-01-15 20:05:11,GET,/inventory/prod-104,
2026-01-15 20:05:11,POST,/jobs/order-export,
2026-01-15 20:05:12,POST,/jobs/order-export,
2026-01-15 20:05:12,GET,/s/-/dw/data/v21_3/orders/ORD-9606,
2026-01-15 20:05:12,POST,/s/-/dw/data/v21_3/orders/ORD-3005,
2026-01-15 20:05:13,GET,/inventory/prod-655,
2026-01-15 20:05:18,POST,/inventory/prod-560,
2026-01-15 20:05:18,POST,/jobs/order-export,
2026-01-15 20:05:19,GET,/jobs/order-export,
2026-01-15 20:05:19,GET,/jobs/order-export,
2026-01-15 20:05:19,POST,/system/health,
2026-01-15 20:05:19,GET,/jobs/order-export,
2026-01-15 20:05:19,GET,/system/health,
2026-01-15 20:05:20,GET,/inventory/prod-896,
2026-01-15 20:05:20,GET,/system/health,
2026-01-15 20:05:20,POST,/inventory/prod-734,
2026-01-15 20:05:20,POST,/inventory/prod-911,
2026-01-15 20:05:20,GET,/jobs/order-export,
2026-01-15 20:05:20,GET,/s/-/dw/data/v21_3/orders/ORD-9314,
2026-01-15 20:05:21,GET,/inventory/prod-462,
2026-01-15 20:05:21,POST,/jobs/order-export,
2026-01-15 20:05:21,POST,/jobs/order-export,
2026-01-15 20:05:21,POST,/inventory/prod-673,
2026-01-15 20:05:22,GET,/s/-/dw/data/v21_3/orders/ORD-6302,
2026-01-15 20:05:22,GET,/inventory/prod-757,
2026-01-15 20:05:22,GET,/system/health,
2026-01-15 20:05:27,GET,/jobs/order-export,
2026-01-15 20:05:27,POST,/system/health,
2026-01-15 20:05:29,GET,/jobs/order-export,
2026-01-15 20:05:30,POST,/inventory/prod-281,
2026-01-15 20:05:30,GET,/inventory/prod-854,
2026-01-15 20:05:30,GET,/s/-/dw/data/v21_3/orders/ORD-8499,
2026-01-15 20:05:31,GET,/system/health,
2026-01-15 20:05:31,POST,/inventory/prod-547,
2026-01-15 20:05:31,POST,/jobs/order-export,
